<?xml version="1.0" encoding="UTF-8"?>
<testsuite name="gremlins.StoneWallTest" tests="1" skipped="0" failures="0" errors="0" timestamp="2022-10-22T16:02:19" hostname="hzzmbp.local" time="0.001">
  <properties/>
  <testcase name="tick()" classname="gremlins.StoneWallTest" time="0.001"/>
  <system-out><![CDATA[]]></system-out>
  <system-err><![CDATA[]]></system-err>
</testsuite>
