<?xml version="1.0" encoding="UTF-8"?>
<testsuite name="gremlins.GremlinTest" tests="5" skipped="0" failures="0" errors="0" timestamp="2022-10-22T09:08:31" hostname="hzzmbp.local" time="0.009">
  <properties/>
  <testcase name="gremlinRespawn()" classname="gremlins.GremlinTest" time="0.001"/>
  <testcase name="gremlinWallObstruct()" classname="gremlins.GremlinTest" time="0.001"/>
  <testcase name="tick()" classname="gremlins.GremlinTest" time="0.001"/>
  <testcase name="gremlinChangeDirection()" classname="gremlins.GremlinTest" time="0.001"/>
  <testcase name="gremlinAttack()" classname="gremlins.GremlinTest" time="0.001"/>
  <system-out><![CDATA[]]></system-out>
  <system-err><![CDATA[]]></system-err>
</testsuite>
