<?xml version="1.0" encoding="UTF-8"?>
<testsuite name="gremlins.EliteEnemyTest" tests="2" skipped="0" failures="0" errors="0" timestamp="2022-10-22T16:52:00" hostname="hzzmbp.local" time="4.06">
  <properties/>
  <testcase name="gremlinRespawn()" classname="gremlins.EliteEnemyTest" time="2.941"/>
  <testcase name="gremlinAttack()" classname="gremlins.EliteEnemyTest" time="1.118"/>
  <system-out><![CDATA[]]></system-out>
  <system-err><![CDATA[]]></system-err>
</testsuite>
