<?xml version="1.0" encoding="UTF-8"?>
<testsuite name="gremlins.EliteEnemyTest" tests="2" skipped="0" failures="0" errors="0" timestamp="2022-10-17T10:20:40" hostname="hzzmbp.local" time="0.003">
  <properties/>
  <testcase name="gremlinRespawn()" classname="gremlins.EliteEnemyTest" time="0.001"/>
  <testcase name="gremlinAttack()" classname="gremlins.EliteEnemyTest" time="0.001"/>
  <system-out><![CDATA[]]></system-out>
  <system-err><![CDATA[]]></system-err>
</testsuite>
