<?xml version="1.0" encoding="UTF-8"?>
<testsuite name="gremlins.SlimeTest" tests="3" skipped="0" failures="0" errors="0" timestamp="2022-10-17T10:20:40" hostname="hzzmbp.local" time="0.005">
  <properties/>
  <testcase name="slimeWallCollision()" classname="gremlins.SlimeTest" time="0.001"/>
  <testcase name="tick()" classname="gremlins.SlimeTest" time="0.0"/>
  <testcase name="slimeVaporized()" classname="gremlins.SlimeTest" time="0.001"/>
  <system-out><![CDATA[]]></system-out>
  <system-err><![CDATA[]]></system-err>
</testsuite>
