<?xml version="1.0" encoding="UTF-8"?>
<testsuite name="gremlins.BrickWallTest" tests="2" skipped="0" failures="0" errors="0" timestamp="2022-10-17T16:04:39" hostname="hzzmbp.local" time="0.001">
  <properties/>
  <testcase name="tick()" classname="gremlins.BrickWallTest" time="0.0"/>
  <testcase name="destroyed()" classname="gremlins.BrickWallTest" time="0.0"/>
  <system-out><![CDATA[]]></system-out>
  <system-err><![CDATA[]]></system-err>
</testsuite>
