<?xml version="1.0" encoding="UTF-8"?>
<testsuite name="gremlins.BrickWallDestructionTest" tests="1" skipped="0" failures="0" errors="0" timestamp="2022-10-22T16:52:04" hostname="hzzmbp.local" time="1.157">
  <properties/>
  <testcase name="tick()" classname="gremlins.BrickWallDestructionTest" time="1.157"/>
  <system-out><![CDATA[]]></system-out>
  <system-err><![CDATA[]]></system-err>
</testsuite>
