<?xml version="1.0" encoding="UTF-8"?>
<testsuite name="gremlins.BrickWallTest" tests="2" skipped="0" failures="0" errors="0" timestamp="2022-10-22T16:52:05" hostname="hzzmbp.local" time="3.734">
  <properties/>
  <testcase name="tick()" classname="gremlins.BrickWallTest" time="1.409"/>
  <testcase name="destroyed()" classname="gremlins.BrickWallTest" time="2.325"/>
  <system-out><![CDATA[]]></system-out>
  <system-err><![CDATA[]]></system-err>
</testsuite>
