<?xml version="1.0" encoding="UTF-8"?>
<testsuite name="gremlins.FireballTest" tests="5" skipped="0" failures="0" errors="0" timestamp="2022-10-22T09:08:31" hostname="hzzmbp.local" time="0.005">
  <properties/>
  <testcase name="fireballAbsorbed()" classname="gremlins.FireballTest" time="0.001"/>
  <testcase name="fireballAttackGremlin()" classname="gremlins.FireballTest" time="0.001"/>
  <testcase name="tick()" classname="gremlins.FireballTest" time="0.0"/>
  <testcase name="fireballCollideSlime()" classname="gremlins.FireballTest" time="0.0"/>
  <testcase name="fireballWallCollision()" classname="gremlins.FireballTest" time="0.0"/>
  <system-out><![CDATA[]]></system-out>
  <system-err><![CDATA[]]></system-err>
</testsuite>
